[    0.000000] Initializing cgroup subsys cpuset
[    0.000000] Initializing cgroup subsys cpu
[    0.000000] Initializing cgroup subsys cpuacct
[    0.000000] Linux version 4.4.0-210-generic (buildd@lgw01-amd64-009) (gcc version 5.4.0 20160609 (Ubuntu 5.4.0-6ubuntu1~16.04.12) ) #242-Ubuntu SMP Fri Apr 16 09:57:56 UTC 2021 (Ubuntu 4.4.0-210.242-generic 4.4.262)
[    0.000000] Command line: BOOT_IMAGE=/boot/vmlinuz-4.4.0-210-generic root=LABEL=cloudimg-rootfs ro console=tty1 console=ttyS0
[    0.000000] KERNEL supported cpus:
[    0.000000]   Intel GenuineIntel
[    0.000000]   AMD AuthenticAMD
[    0.000000]   Centaur CentaurHauls
[    0.000000] x86/fpu: xstate_offset[2]:  576, xstate_sizes[2]:  256
[    0.000000] x86/fpu: Supporting XSAVE feature 0x01: 'x87 floating point registers'
[    0.000000] x86/fpu: Supporting XSAVE feature 0x02: 'SSE registers'
[    0.000000] x86/fpu: Supporting XSAVE feature 0x04: 'AVX registers'
[    0.000000] x86/fpu: Enabled xstate features 0x7, context size is 832 bytes, using 'standard' format.
[    0.000000] e820: BIOS-provided physical RAM map:
[    0.000000] BIOS-e820: [mem 0x0000000000000000-0x000000000009fbff] usable
[    0.000000] BIOS-e820: [mem 0x000000000009fc00-0x000000000009ffff] reserved
[    0.000000] BIOS-e820: [mem 0x00000000000f0000-0x00000000000fffff] reserved
[    0.000000] BIOS-e820: [mem 0x0000000000100000-0x000000003ffeffff] usable
[    0.000000] BIOS-e820: [mem 0x000000003fff0000-0x000000003fffffff] ACPI data
[    0.000000] BIOS-e820: [mem 0x00000000fec00000-0x00000000fec00fff] reserved
[    0.000000] BIOS-e820: [mem 0x00000000fee00000-0x00000000fee00fff] reserved
[    0.000000] BIOS-e820: [mem 0x00000000fffc0000-0x00000000ffffffff] reserved
[    0.000000] NX (Execute Disable) protection: active
[    0.000000] SMBIOS 2.5 present.
[    0.000000] Hypervisor detected: KVM
[    0.000000] e820: last_pfn = 0x3fff0 max_arch_pfn = 0x400000000
[    0.000000] MTRR: Disabled
[    0.000000] x86/PAT: MTRRs disabled, skipping PAT initialization too.
[    0.000000] CPU MTRRs all blank - virtualized system.
[    0.000000] x86/PAT: Configuration [0-7]: WB  WT  UC- UC  WB  WT  UC- UC  
[    0.000000] found SMP MP-table at [mem 0x0009fff0-0x0009ffff] mapped at [ffff88000009fff0]
[    0.000000] Scanning 1 areas for low memory corruption
[    0.000000] RAMDISK: [mem 0x362dc000-0x37165fff]
[    0.000000] ACPI: Early table checksum verification disabled
[    0.000000] ACPI: RSDP 0x00000000000E0000 000024 (v02 VBOX  )
[    0.000000] ACPI: XSDT 0x000000003FFF0030 00003C (v01 VBOX   VBOXXSDT 00000001 ASL  00000061)
[    0.000000] ACPI: FACP 0x000000003FFF00F0 0000F4 (v04 VBOX   VBOXFACP 00000001 ASL  00000061)
[    0.000000] ACPI: DSDT 0x000000003FFF0470 002325 (v02 VBOX   VBOXBIOS 00000002 INTL 20100528)
[    0.000000] ACPI: FACS 0x000000003FFF0200 000040
[    0.000000] ACPI: FACS 0x000000003FFF0200 000040
[    0.000000] ACPI: APIC 0x000000003FFF0240 00005C (v02 VBOX   VBOXAPIC 00000001 ASL  00000061)
[    0.000000] ACPI: SSDT 0x000000003FFF02A0 0001CC (v01 VBOX   VBOXCPUT 00000002 INTL 20100528)
[    0.000000] No NUMA configuration found
[    0.000000] Faking a node at [mem 0x0000000000000000-0x000000003ffeffff]
[    0.000000] NODE_DATA(0) allocated [mem 0x3ffeb000-0x3ffeffff]
[    0.000000] kvm-clock: Using msrs 4b564d01 and 4b564d00
[    0.000000] kvm-clock: cpu 0, msr 0:3ffe3001, primary cpu clock
[    0.000000] kvm-clock: using sched offset of 5929489743 cycles
[    0.000000] clocksource: kvm-clock: mask: 0xffffffffffffffff max_cycles: 0x1cd42e4dffb, max_idle_ns: 881590591483 ns
[    0.000000] Zone ranges:
[    0.000000]   DMA      [mem 0x0000000000001000-0x0000000000ffffff]
[    0.000000]   DMA32    [mem 0x0000000001000000-0x000000003ffeffff]
[    0.000000]   Normal   empty
[    0.000000]   Device   empty
[    0.000000] Movable zone start for each node
[    0.000000] Early memory node ranges
[    0.000000]   node   0: [mem 0x0000000000001000-0x000000000009efff]
[    0.000000]   node   0: [mem 0x0000000000100000-0x000000003ffeffff]
[    0.000000] Initmem setup node 0 [mem 0x0000000000001000-0x000000003ffeffff]
[    0.000000] ACPI: PM-Timer IO Port: 0x4008
[    0.000000] IOAPIC[0]: apic_id 2, version 32, address 0xfec00000, GSI 0-23
[    0.000000] ACPI: INT_SRC_OVR (bus 0 bus_irq 0 global_irq 2 dfl dfl)
[    0.000000] ACPI: INT_SRC_OVR (bus 0 bus_irq 9 global_irq 9 low level)
[    0.000000] Using ACPI (MADT) for SMP configuration information
[    0.000000] smpboot: Allowing 2 CPUs, 0 hotplug CPUs
[    0.000000] PM: Registered nosave memory: [mem 0x00000000-0x00000fff]
[    0.000000] PM: Registered nosave memory: [mem 0x0009f000-0x0009ffff]
[    0.000000] PM: Registered nosave memory: [mem 0x000a0000-0x000effff]
[    0.000000] PM: Registered nosave memory: [mem 0x000f0000-0x000fffff]
[    0.000000] e820: [mem 0x40000000-0xfebfffff] available for PCI devices
[    0.000000] Booting paravirtualized kernel on KVM
[    0.000000] clocksource: refined-jiffies: mask: 0xffffffff max_cycles: 0xffffffff, max_idle_ns: 7645519600211568 ns
[    0.000000] setup_percpu: NR_CPUS:512 nr_cpumask_bits:512 nr_cpu_ids:2 nr_node_ids:1
[    0.000000] PERCPU: Embedded 33 pages/cpu @ffff88003fc00000 s95192 r8192 d31784 u1048576
[    0.000000] Built 1 zonelists in Node order, mobility grouping on.  Total pages: 257912
[    0.000000] Policy zone: DMA32
[    0.000000] Kernel command line: BOOT_IMAGE=/boot/vmlinuz-4.4.0-210-generic root=LABEL=cloudimg-rootfs ro console=tty1 console=ttyS0
[    0.000000] PID hash table entries: 4096 (order: 3, 32768 bytes)
[    0.000000] Memory: 997792K/1048120K available (8644K kernel code, 1332K rwdata, 4044K rodata, 1492K init, 1164K bss, 50328K reserved, 0K cma-reserved)
[    0.000000] SLUB: HWalign=64, Order=0-3, MinObjects=0, CPUs=2, Nodes=1
[    0.000000] Kernel/User page tables isolation: enabled
[    0.000000] Hierarchical RCU implementation.
[    0.000000] 	Build-time adjustment of leaf fanout to 64.
[    0.000000] 	RCU restricting CPUs from NR_CPUS=512 to nr_cpu_ids=2.
[    0.000000] RCU: Adjusting geometry for rcu_fanout_leaf=64, nr_cpu_ids=2
[    0.000000] NR_IRQS:33024 nr_irqs:440 16
[    0.000000] Console: colour VGA+ 80x25
[    0.000000] console [tty1] enabled
[    0.000000] console [ttyS0] enabled
[    0.000000] tsc: Detected 2400.002 MHz processor
[    0.479943] Calibrating delay loop (skipped) preset value.. 4800.00 BogoMIPS (lpj=9600008)
[    0.484803] pid_max: default: 32768 minimum: 301
[    0.486894] ACPI: Core revision 20150930
[    0.496003] ACPI: 2 ACPI AML tables successfully acquired and loaded
[    0.499441] Security Framework initialized
[    0.503121] Yama: becoming mindful.
[    0.505133] AppArmor: AppArmor initialized
[    0.510725] Dentry cache hash table entries: 131072 (order: 8, 1048576 bytes)
[    0.528582] Inode-cache hash table entries: 65536 (order: 7, 524288 bytes)
[    0.533210] Mount-cache hash table entries: 2048 (order: 2, 16384 bytes)
[    0.537803] Mountpoint-cache hash table entries: 2048 (order: 2, 16384 bytes)
[    0.544451] Initializing cgroup subsys io
[    0.547924] Initializing cgroup subsys memory
[    0.549836] Initializing cgroup subsys devices
[    0.552498] Initializing cgroup subsys freezer
[    0.554896] Initializing cgroup subsys net_cls
[    0.557159] Initializing cgroup subsys perf_event
[    0.561046] Initializing cgroup subsys net_prio
[    0.563308] Initializing cgroup subsys hugetlb
[    0.565364] Initializing cgroup subsys pids
[    0.569269] mce: CPU supports 0 MCE banks
[    0.571739] Last level iTLB entries: 4KB 64, 2MB 8, 4MB 8
[    0.576903] Last level dTLB entries: 4KB 64, 2MB 0, 4MB 0, 1GB 4
[    0.579207] Spectre V1 : Mitigation: usercopy/swapgs barriers and __user pointer sanitization
[    0.588960] Spectre V2 : Mitigation: Full generic retpoline
[    0.594987] Spectre V2 : Spectre v2 / SpectreRSB mitigation: Filling RSB on context switch
[    0.598097] Speculative Store Bypass: Vulnerable
[    0.600168] SRBDS: Unknown: Dependent on hypervisor status
[    0.602828] MDS: Mitigation: Clear CPU buffers
[    0.609996] Freeing SMP alternatives memory: 36K
[    0.629628] ftrace: allocating 32380 entries in 127 pages
[    0.810423] smpboot: APIC(0) Converting physical 0 to logical package 0
[    0.816232] smpboot: Max logical packages: 1
[    0.820842] x2apic enabled
[    0.825977] Switched APIC routing to physical x2apic.
[    0.833930] ..TIMER: vector=0x30 apic1=0 pin1=2 apic2=-1 pin2=-1
[    0.945201] APIC calibration not consistent with PM-Timer: 98ms instead of 100ms
[    0.950058] APIC delta adjusted to PM-Timer: 6250260 (6184554)
[    0.954381] smpboot: CPU0: Intel(R) Core(TM) i3-7100U CPU @ 2.40GHz (family: 0x6, model: 0x8e, stepping: 0x9)
[    0.964052] Performance Events: unsupported p6 CPU model 142 no PMU driver, software events only.
[    0.996955] KVM setup paravirtual spinlock
[    0.999760] x86: Booting SMP configuration:
[    1.001834] .... node  #0, CPUs:      #1
[    1.004387] kvm-clock: cpu 1, msr 0:3ffe3041, secondary cpu clock
[    1.013085] mce: CPU supports 0 MCE banks
[    1.016576] x86: Booted up 1 node, 2 CPUs
[    1.018472] smpboot: Total of 2 processors activated (9600.00 BogoMIPS)
[    1.023098] devtmpfs: initialized
[    1.028472] evm: security.selinux
[    1.030769] evm: security.SMACK64
[    1.033217] evm: security.SMACK64EXEC
[    1.069549] evm: security.SMACK64TRANSMUTE
[    1.071795] evm: security.SMACK64MMAP
[    1.077439] evm: security.ima
[    1.079333] evm: security.capability
[    1.081418] clocksource: jiffies: mask: 0xffffffff max_cycles: 0xffffffff, max_idle_ns: 7645041785100000 ns
[    1.087046] futex hash table entries: 512 (order: 3, 32768 bytes)
[    1.090890] pinctrl core: initialized pinctrl subsystem
[    1.094357] RTC time: 12:18:46, date: 12/01/21
[    1.096777] NET: Registered protocol family 16
[    1.111765] cpuidle: using governor ladder
[    1.129042] cpuidle: using governor menu
[    1.131818] PCCT header not found.
[    1.134695] ACPI: bus type PCI registered
[    1.136720] acpiphp: ACPI Hot Plug PCI Controller Driver version: 0.5
[    1.151708] PCI: Using configuration type 1 for base access
[    1.176907] ACPI: Added _OSI(Module Device)
[    1.179140] ACPI: Added _OSI(Processor Device)
[    1.181642] ACPI: Added _OSI(3.0 _SCP Extensions)
[    1.184179] ACPI: Added _OSI(Processor Aggregator Device)
[    1.188137] ACPI: Executed 1 blocks of module-level executable AML code
[    1.200983] ACPI: Interpreter enabled
[    1.203182] ACPI: (supports S0 S5)
[    1.204816] ACPI: Using IOAPIC for interrupt routing
[    1.208702] PCI: Using host bridge windows from ACPI; if necessary, use "pci=nocrs" and report a bug
[    1.229253] ACPI: PCI Root Bridge [PCI0] (domain 0000 [bus 00-ff])
[    1.233972] acpi PNP0A03:00: _OSC: OS supports [ASPM ClockPM Segments MSI]
[    1.238202] acpi PNP0A03:00: _OSC: not requesting OS control; OS requires [ExtendedConfig ASPM ClockPM MSI]
[    1.247871] acpi PNP0A03:00: fail to add MMCONFIG information, can't access extended PCI configuration space under this bridge.
[    1.266108] PCI host bridge to bus 0000:00
[    1.271348] pci_bus 0000:00: root bus resource [io  0x0000-0x0cf7 window]
[    1.278986] pci_bus 0000:00: root bus resource [io  0x0d00-0xffff window]
[    1.282971] pci_bus 0000:00: root bus resource [mem 0x000a0000-0x000bffff window]
[    1.286868] pci_bus 0000:00: root bus resource [mem 0x40000000-0xfdffffff window]
[    1.290879] pci_bus 0000:00: root bus resource [bus 00-ff]
[    1.329038] pci 0000:00:01.1: legacy IDE quirk: reg 0x10: [io  0x01f0-0x01f7]
[    1.332215] pci 0000:00:01.1: legacy IDE quirk: reg 0x14: [io  0x03f6]
[    1.335305] pci 0000:00:01.1: legacy IDE quirk: reg 0x18: [io  0x0170-0x0177]
[    1.338150] pci 0000:00:01.1: legacy IDE quirk: reg 0x1c: [io  0x0376]
[    1.391265] pci 0000:00:07.0: quirk: [io  0x4000-0x403f] claimed by PIIX4 ACPI
[    1.395597] pci 0000:00:07.0: quirk: [io  0x4100-0x410f] claimed by PIIX4 SMB
[    1.433997] ACPI: PCI Interrupt Link [LNKA] (IRQs 5 9 10 *11)
[    1.438431] ACPI: PCI Interrupt Link [LNKB] (IRQs 5 9 *10 11)
[    1.444739] ACPI: PCI Interrupt Link [LNKC] (IRQs 5 *9 10 11)
[    1.448482] ACPI: PCI Interrupt Link [LNKD] (IRQs 5 9 10 *11)
[    1.452141] ACPI: Enabled 2 GPEs in block 00 to 07
[    1.455698] vgaarb: setting as boot device: PCI:0000:00:02.0
[    1.460153] vgaarb: device added: PCI:0000:00:02.0,decodes=io+mem,owns=io+mem,locks=none
[    1.464721] vgaarb: loaded
[    1.466551] vgaarb: bridge control possible 0000:00:02.0
[    1.469926] SCSI subsystem initialized
[    1.476199] ACPI: bus type USB registered
[    1.479088] usbcore: registered new interface driver usbfs
[    1.482575] usbcore: registered new interface driver hub
[    1.485581] usbcore: registered new device driver usb
[    1.500810] PCI: Using ACPI for IRQ routing
[    1.503841] NetLabel: Initializing
[    1.506704] NetLabel:  domain hash size = 128
[    1.513044] NetLabel:  protocols = UNLABELED CIPSOv4
[    1.516301] NetLabel:  unlabeled traffic allowed by default
[    1.522105] amd_nb: Cannot enumerate AMD northbridges
[    1.532835] clocksource: Switched to clocksource kvm-clock
[    1.568949] AppArmor: AppArmor Filesystem Enabled
[    1.571445] pnp: PnP ACPI init
[    1.578237] pnp: PnP ACPI: found 3 devices
[    1.599599] clocksource: acpi_pm: mask: 0xffffff max_cycles: 0xffffff, max_idle_ns: 2085701024 ns
[    1.604246] NET: Registered protocol family 2
[    1.611987] TCP established hash table entries: 8192 (order: 4, 65536 bytes)
[    1.619203] TCP bind hash table entries: 8192 (order: 5, 131072 bytes)
[    1.622541] TCP: Hash tables configured (established 8192 bind 8192)
[    1.626615] UDP hash table entries: 512 (order: 2, 16384 bytes)
[    1.629310] UDP-Lite hash table entries: 512 (order: 2, 16384 bytes)
[    1.632305] NET: Registered protocol family 1
[    1.634969] pci 0000:00:00.0: Limiting direct PCI/PCI transfers
[    1.637831] pci 0000:00:01.0: Activating ISA DMA hang workarounds
[    1.645517] Unpacking initramfs...
[    2.361066] Freeing initrd memory: 14888K
[    2.364312] clocksource: tsc: mask: 0xffffffffffffffff max_cycles: 0x22983938a92, max_idle_ns: 440795216168 ns
[    2.374977] platform rtc_cmos: registered platform RTC device (no PNP device found)
[    2.380758] Scanning for low memory corruption every 60 seconds
[    2.388024] audit: initializing netlink subsys (disabled)
[    2.391707] audit: type=2000 audit(1638361134.473:1): initialized
[    2.415125] Initialise system trusted keyring
[    2.417989] HugeTLB registered 2 MB page size, pre-allocated 0 pages
[    2.424436] zbud: loaded
[    2.426977] VFS: Disk quotas dquot_6.6.0
[    2.436594] VFS: Dquot-cache hash table entries: 512 (order 0, 4096 bytes)
[    2.448117] squashfs: version 4.0 (2009/01/31) Phillip Lougher
[    2.459736] fuse init (API version 7.23)
[    2.466927] Key type big_key registered
[    2.471063] Allocating IMA MOK and blacklist keyrings.
[    2.488649] Key type asymmetric registered
[    2.499307] Asymmetric key parser 'x509' registered
[    2.503481] Block layer SCSI generic (bsg) driver version 0.4 loaded (major 249)
[    2.509515] io scheduler noop registered
[    2.511597] io scheduler deadline registered (default)
[    2.514080] io scheduler cfq registered
[    2.517712] pci_hotplug: PCI Hot Plug PCI Core version: 0.5
[    2.520661] pciehp: PCI Express Hot Plug Controller Driver version: 0.4
[    2.528608] ACPI: AC Adapter [AC] (on-line)
[    2.532094] input: Power Button as /devices/LNXSYSTM:00/LNXPWRBN:00/input/input0
[    2.537723] ACPI: Power Button [PWRF]
[    2.545220] input: Sleep Button as /devices/LNXSYSTM:00/LNXSLPBN:00/input/input1
[    2.550329] ACPI: Sleep Button [SLPF]
[    2.553832] GHES: HEST is not enabled!
[    2.555175] ACPI: Battery Slot [BAT0] (battery present)
[    2.561750] Serial: 8250/16550 driver, 32 ports, IRQ sharing enabled
[    2.592281] 00:02: ttyS0 at I/O 0x3f8 (irq = 4, base_baud = 115200) is a 16550A
[    2.601473] Linux agpgart interface v0.103
[    2.612324] loop: module loaded
[    2.615561] scsi host0: ata_piix
[    2.617878] scsi host1: ata_piix
[    2.620040] ata1: PATA max UDMA/33 cmd 0x1f0 ctl 0x3f6 bmdma 0xd000 irq 14
[    2.624265] ata2: PATA max UDMA/33 cmd 0x170 ctl 0x376 bmdma 0xd008 irq 15
[    2.627856] libphy: Fixed MDIO Bus: probed
[    2.630622] tun: Universal TUN/TAP device driver, 1.6
[    2.637615] tun: (C) 1999-2004 Max Krasnyansky <maxk@qualcomm.com>
[    2.646280] PPP generic driver version 2.4.2
[    2.650685] ehci_hcd: USB 2.0 'Enhanced' Host Controller (EHCI) Driver
[    2.656546] ehci-pci: EHCI PCI platform driver
[    2.660288] ehci-platform: EHCI generic platform driver
[    2.663324] ohci_hcd: USB 1.1 'Open' Host Controller (OHCI) Driver
[    2.666487] ohci-pci: OHCI PCI platform driver
[    2.669182] ohci-platform: OHCI generic platform driver
[    2.673265] uhci_hcd: USB Universal Host Controller Interface driver
[    2.677566] i8042: PNP: PS/2 Controller [PNP0303:PS2K,PNP0f03:PS2M] at 0x60,0x64 irq 1,12
[    2.690778] serio: i8042 KBD port at 0x60,0x64 irq 1
[    2.696482] serio: i8042 AUX port at 0x60,0x64 irq 12
[    2.700581] mousedev: PS/2 mouse device common for all mice
[    2.709374] input: AT Translated Set 2 keyboard as /devices/platform/i8042/serio0/input/input2
[    2.715301] rtc_cmos rtc_cmos: rtc core: registered rtc_cmos as rtc0
[    2.718474] rtc_cmos rtc_cmos: alarms up to one day, 114 bytes nvram
[    2.721765] i2c /dev entries driver
[    2.724933] device-mapper: uevent: version 1.0.3
[    2.727842] device-mapper: ioctl: 4.34.0-ioctl (2015-10-28) initialised: dm-devel@redhat.com
[    2.732431] ledtrig-cpu: registered to indicate activity on CPUs
[    2.736643] NET: Registered protocol family 10
[    2.739777] NET: Registered protocol family 17
[    2.743865] Key type dns_resolver registered
[    2.747512] registered taskstats version 1
[    2.749774] Loading compiled-in X.509 certificates
[    2.753300] Loaded X.509 cert 'Build time autogenerated kernel key: cf00e047681d67edb2720680708b7d9498083038'
[    2.760153] zswap: loaded using pool lzo/zbud
[    2.766238] Key type trusted registered
[    2.775662] Key type encrypted registered
[    2.777967] AppArmor: AppArmor sha1 policy hashing enabled
[    2.802164] ima: No TPM chip found, activating TPM-bypass!
[    2.805070] ima: Allocated hash algorithm: sha1
[    2.810595] evm: HMAC attrs: 0x1
[    2.826161]   Magic number: 1:654:328
[    2.828675] rtc_cmos rtc_cmos: setting system clock to 2021-12-01 12:18:47 UTC (1638361127)
[    2.833104] BIOS EDD facility v0.16 2004-Jun-25, 0 devices found
[    2.835842] EDD information not available.
[    2.843463] Freeing unused kernel memory: 1492K
[    2.846408] Write protecting the kernel read-only data: 14336k
[    2.850804] Freeing unused kernel memory: 1584K
[    2.854182] Freeing unused kernel memory: 52K
Loading, please wait...
starting version 229
[    2.893670] random: systemd-udevd: uninitialized urandom read (16 bytes read, 5 bits of entropy available)
[    2.895042] random: udevadm: uninitialized urandom read (16 bytes read, 5 bits of entropy available)
[    2.895090] random: udevadm: uninitialized urandom read (16 bytes read, 5 bits of entropy available)
[    2.915321] random: systemd-udevd: uninitialized urandom read (16 bytes read, 5 bits of entropy available)
[    2.918718] random: udevadm: uninitialized urandom read (16 bytes read, 5 bits of entropy available)
[    2.918795] random: udevadm: uninitialized urandom read (16 bytes read, 5 bits of entropy available)
[    2.919061] random: udevadm: uninitialized urandom read (16 bytes read, 5 bits of entropy available)
[    2.919153] random: udevadm: uninitialized urandom read (16 bytes read, 5 bits of entropy available)
[    2.919244] random: udevadm: uninitialized urandom read (16 bytes read, 5 bits of entropy available)
[    2.919387] random: udevadm: uninitialized urandom read (16 bytes read, 5 bits of entropy available)
[    3.087308] e1000: Intel(R) PRO/1000 Network Driver - version 7.3.21-k8-NAPI
[    3.093662] e1000: Copyright (c) 1999-2006 Intel Corporation.
[    3.117083] Fusion MPT base driver 3.04.20
[    3.120334] Copyright (c) 1999-2008 LSI Corporation
[    3.143667] Fusion MPT SPI Host driver 3.04.20
[    3.219940] AVX2 version of gcm_enc/dec engaged.
[    3.231083] AES CTR mode by8 optimization enabled
[    3.386268] input: ImExPS/2 Generic Explorer Mouse as /devices/platform/i8042/serio1/input/input4
[    4.093394] e1000 0000:00:03.0 eth0: (PCI:33MHz:32-bit) 02:be:82:6b:cc:1d
[    4.095938] e1000 0000:00:03.0 eth0: Intel(R) PRO/1000 Network Connection
[    5.097068] e1000 0000:00:08.0 eth1: (PCI:33MHz:32-bit) 08:00:27:72:ad:17
[    5.100454] e1000 0000:00:08.0 eth1: Intel(R) PRO/1000 Network Connection
[    5.108948] mptbase: ioc0: Initiating bringup
[    5.111976] e1000 0000:00:03.0 enp0s3: renamed from eth0
[    5.129728] e1000 0000:00:08.0 enp0s8: renamed from eth1
[    5.174495] ioc0: LSI53C1030 A0: Capabilities={Initiator}
[    7.399490] scsi host2: ioc0: LSI53C1030 A0, FwRev=00000000h, Ports=1, MaxQ=256, IRQ=20
[    8.426471] scsi 2:0:0:0: Direct-Access     VBOX     HARDDISK         1.0  PQ: 0 ANSI: 5
[    8.437608] scsi target2:0:0: Beginning Domain Validation
[    8.446400] scsi target2:0:0: Domain Validation skipping write tests
[    8.449500] scsi target2:0:0: Ending Domain Validation
[    8.484144] scsi target2:0:0: asynchronous
[    8.487000] scsi 2:0:1:0: Direct-Access     VBOX     HARDDISK         1.0  PQ: 0 ANSI: 5
[    8.495925] scsi target2:0:1: Beginning Domain Validation
[    8.500861] scsi target2:0:1: Domain Validation skipping write tests
[    8.504028] scsi target2:0:1: Ending Domain Validation
[    8.507275] scsi target2:0:1: asynchronous
[    8.518589] sd 2:0:0:0: Attached scsi generic sg0 type 0
[    8.521884] sd 2:0:0:0: [sda] 83886080 512-byte logical blocks: (42.9 GB/40.0 GiB)
[    8.528776] sd 2:0:1:0: Attached scsi generic sg1 type 0
[    8.529594] sd 2:0:1:0: [sdb] 20480 512-byte logical blocks: (10.5 MB/10.0 MiB)
[    8.529814] sd 2:0:1:0: [sdb] Write Protect is off
[    8.529937] sd 2:0:1:0: [sdb] Incomplete mode parameter data
[    8.529939] sd 2:0:1:0: [sdb] Assuming drive cache: write through
[    8.534389] sd 2:0:0:0: [sda] Write Protect is off
[    8.534639] sd 2:0:0:0: [sda] Incomplete mode parameter data
[    8.534641] sd 2:0:0:0: [sda] Assuming drive cache: write through
[    8.701825]  sda: sda1
[    8.704348] sd 2:0:0:0: [sda] Attached SCSI disk
[    8.803926] sd 2:0:1:0: [sdb] Attached SCSI disk
Begin: Loading essential drivers ... [   10.989524] md: linear personality registered for level -1
[   10.997816] md: multipath personality registered for level -4
[   11.005801] md: raid0 personality registered for level 0
[   11.029315] md: raid1 personality registered for level 1
[   11.117206] raid6: sse2x1   gen()  3775 MB/s
[   11.185065] raid6: sse2x1   xor()  1821 MB/s
[   11.261059] raid6: sse2x2   gen()  4287 MB/s
[   11.329052] raid6: sse2x2   xor()  3331 MB/s
[   11.397086] raid6: sse2x4   gen()  3818 MB/s
[   11.464987] raid6: sse2x4   xor()  3340 MB/s
[   11.533062] raid6: avx2x1   gen()  8505 MB/s
[   11.601010] raid6: avx2x2   gen() 11476 MB/s
[   11.668918] raid6: avx2x4   gen() 13543 MB/s
[   11.671010] raid6: using algorithm avx2x4 gen() 13543 MB/s
[   11.674303] raid6: using avx2x2 recovery algorithm
[   11.681162] xor: automatically using best checksumming function:
[   11.720873]    avx       : 14584.000 MB/sec
[   11.727158] async_tx: api initialized (async)
[   11.746583] md: raid6 personality registered for level 6
[   11.750087] md: raid5 personality registered for level 5
[   11.753058] md: raid4 personality registered for level 4
[   11.768494] md: raid10 personality registered for level 10
done.
Begin: Running /scripts/init-premount ... done.
Begin: Mounting root file system ... Begin: Running /scripts/local-top ... done.
Begin: Running /scripts/local-premount ... [   11.841552] Btrfs loaded
Scanning for Btrfs filesystems
done.
Warning: fsck not present, so skipping root file system
[   12.069410] EXT4-fs (sda1): mounted filesystem with ordered data mode. Opts: (null)
done.
Begin: Running /scripts/local-bottom ... done.
Begin: Running /scripts/init-bottom ... done.
[   12.443717] random: nonblocking pool is initialized
[   13.508810] systemd[1]: systemd 229 running in system mode. (+PAM +AUDIT +SELINUX +IMA +APPARMOR +SMACK +SYSVINIT +UTMP +LIBCRYPTSETUP +GCRYPT +GNUTLS +ACL +XZ -LZ4 +SECCOMP +BLKID +ELFUTILS +KMOD -IDN)
[   13.517504] systemd[1]: Detected virtualization oracle.
[   13.519738] systemd[1]: Detected architecture x86-64.

Welcome to [1mUbuntu 16.04.7 LTS[0m!

[   13.569717] systemd[1]: Set hostname to <ubuntu>.
[   13.595841] systemd[1]: Initializing machine ID from random generator.
[   13.602486] systemd[1]: Installed transient /etc/machine-id file.
[   15.245256] systemd[1]: Listening on Journal Socket (/dev/log).
[[0;32m  OK  [0m] Listening on Journal Socket (/dev/log).
[   15.368580] systemd[1]: Listening on LVM2 metadata daemon socket.
[[0;32m  OK  [0m] Listening on LVM2 metadata daemon socket.
[   15.378491] systemd[1]: Listening on /dev/initctl Compatibility Named Pipe.
[[0;32m  OK  [0m] Listening on /dev/initctl Compatibility Named Pipe.
[   15.385137] systemd[1]: Listening on udev Control Socket.
[[0;32m  OK  [0m] Listening on udev Control Socket.
[   15.391294] systemd[1]: Listening on Journal Socket.
[[0;32m  OK  [0m] Listening on Journal Socket.
[   15.396739] systemd[1]: Started Trigger resolvconf update for networkd DNS.
[[0;32m  OK  [0m] Started Trigger resolvconf update for networkd DNS.
[   15.405406] systemd[1]: Listening on LVM2 poll daemon socket.
[[0;32m  OK  [0m] Listening on LVM2 poll daemon socket.
[   15.415760] systemd[1]: Listening on Device-mapper event daemon FIFOs.
[[0;32m  OK  [0m] Listening on Device-mapper event daemon FIFOs.
[   15.421258] systemd[1]: Listening on udev Kernel Socket.
[[0;32m  OK  [0m] Listening on udev Kernel Socket.
[   15.426707] systemd[1]: Reached target User and Group Name Lookups.
[[0;32m  OK  [0m] Reached target User and Group Name Lookups.
[   15.433034] systemd[1]: Reached target Encrypted Volumes.
[[0;32m  OK  [0m] Reached target Encrypted Volumes.
[   15.442066] systemd[1]: Created slice System Slice.
[[0;32m  OK  [0m] Created slice System Slice.
[   15.457482] systemd[1]: Starting Uncomplicated firewall...
         Starting Uncomplicated firewall...
[   15.463646] systemd[1]: Starting Create list of required static device nodes for the current kernel...
         Starting Create list of required st... nodes for the current kernel...
[   15.470916] systemd[1]: Created slice system-serial\x2dgetty.slice.
[[0;32m  OK  [0m] Created slice system-serial\x2dgetty.slice.
[   15.490976] systemd[1]: Mounting POSIX Message Queue File System...
         Mounting POSIX Message Queue File System...
[   15.498077] systemd[1]: Mounting Debug File System...
         Mounting Debug File System...
[   15.512166] systemd[1]: Starting Set console keymap...
         Starting Set console keymap...
[   15.520605] systemd[1]: Starting Nameserver information manager...
         Starting Nameserver information manager...
[   15.531340] systemd[1]: Listening on Journal Audit Socket.
[[0;32m  OK  [0m] Listening on Journal Audit Socket.
[   15.550246] systemd[1]: Set up automount Arbitrary Executable File Formats File System Automount Point.
[[0;32m  OK  [0m] Set up automount Arbitrary Executab...ats File System Automount Point.
[   15.626770] systemd[1]: Created slice User and Session Slice.
[[0;32m  OK  [0m] Created slice User and Session Slice.
[   15.631856] systemd[1]: Reached target Slices.
[[0;32m  OK  [0m] Reached target Slices.
[   15.649389] systemd[1]: Starting Monitoring of LVM2 mirrors, snapshots etc. using dmeventd or progress polling...
         Starting Monitoring of LVM2 mirrors... dmeventd or progress polling...
[   15.660428] systemd[1]: Mounting Huge Pages File System...
         Mounting Huge Pages File System...
[   15.671851] systemd[1]: Reached target System Time Synchronized.
[[0;32m  OK  [0m] Reached target System Time Synchronized.
[   15.698028] systemd[1]: Started Forward Password Requests to Wall Directory Watch.
[[0;32m  OK  [0m] Started Forward Password Requests to Wall Directory Watch.
[   15.710009] systemd[1]: Reached target Swap.
[[0;32m  OK  [0m] Reached target Swap.
[   15.716811] systemd[1]: Listening on fsck to fsckd communication Socket.
[[0;32m  OK  [0m] Listening on fsck to fsckd communication Socket.
[   15.741755] systemd[1]: Starting File System Check on Root Device...
         Starting File System Check on Root Device...
[   15.749575] systemd[1]: Listening on Syslog Socket.
[[0;32m  OK  [0m] Listening on Syslog Socket.
[   15.849233] systemd[1]: Starting Load Kernel Modules...
         Starting Load Kernel Modules...
[   15.855533] systemd[1]: Starting Journal Service...
         Starting Journal Service...
[   15.864632] systemd[1]: Mounted Huge Pages File System.
[[0;32m  OK  [0m] Mounted Huge Pages File System.
[   15.877639] systemd[1]: Mounted POSIX Message Queue File System.
[[0;32m  OK  [0m] Mounted POSIX Message Queue File System.
[   15.881777] systemd[1]: Mounted Debug File System.
[[0;32m  OK  [0m] Mounted Debug File System.
[   15.885813] systemd[1]: Started Uncomplicated firewall.
[[0;32m  OK  [0m] Started Uncomplicated firewall.
[   15.897988] systemd[1]: Started Create list of required static device nodes for the current kernel.
[[0;32m  OK  [0m] Started Create list of required sta...ce nodes for the current kernel.
[   15.910776] systemd[1]: Started Set console keymap.
[[0;32m  OK  [0m] Started Set console keymap.
[   15.930548] systemd[1]: Started File System Check Daemon to report status.
[[0;32m  OK  [0m] Started File System Check Daemon to report status.
[   15.942613] systemd[1]: Starting Create Static Device Nodes in /dev...
         Starting Create Static Device Nodes in /dev...
[   15.955839] systemd[1]: Started Nameserver information manager.
[[0;32m  OK  [0m] Started Nameserver information manager.
[   16.062025] systemd[1]: Started File System Check on Root Device.
[[0;32m  OK  [0m] Started File System Check on Root Device.
[   16.081989] systemd[1]: Starting Remount Root and Kernel File Systems...
         Starting Remount Root and Kernel File Systems...
[   16.141129] EXT4-fs (sda1): re-mounted. Opts: (null)
[   16.158884] systemd[1]: Started Remount Root and Kernel File Systems.
[   16.165271] Loading iSCSI transport class v2.0-870.
[[0;32m  OK  [0m] Started Remount Root and Kernel File Systems.
[   16.186145] systemd[1]: Starting Load/Save Random Seed...
         Starting Load/Save Random Seed...
[   16.275531] systemd[1]: Starting udev Coldplug all Devices...
         Starting udev Coldplug all Devices...
[   16.294892] iscsi: registered transport (tcp)
[   16.296392] systemd[1]: Started Journal Service.
[[0;32m  OK  [0m] Started Journal Service.
         Starting Flush Journal to Persistent Storage...
[[0;32m  OK  [0m] Started Load/Save Random Seed.
[[0;32m  OK  [0m] Started udev Coldplug all Devices.
[   16.550656] systemd-journald[406]: Received request to flush runtime journal from PID 1
[[0;32m  OK  [0m] Started Flush Journal to Persistent Storage.
[   16.665652] iscsi: registered transport (iser)
[[0;32m  OK  [0m] Started Load Kernel Modules.
         Starting Apply Kernel Variables...
         Mounting FUSE Control File System...
[[0;32m  OK  [0m] Mounted FUSE Control File System.
[[0;32m  OK  [0m] Started LVM2 metadata daemon.
[[0;32m  OK  [0m] Started Create Static Device Nodes in /dev.
         Starting udev Kernel Device Manager...
[[0;32m  OK  [0m] Started Apply Kernel Variables.
[[0;32m  OK  [0m] Started udev Kernel Device Manager.
[[0;32m  OK  [0m] Started Dispatch Password Requests to Console Directory Watch.
[[0;32m  OK  [0m] Started Monitoring of LVM2 mirrors,...ng dmeventd or progress polling.
[[0;32m  OK  [0m] Reached target Local File Systems (Pre).
[[0;32m  OK  [0m] Reached target Local File Systems.
         Starting Set console font and keymap...
         Starting Create Volatile Files and Directories...
         Starting Commit a transient machine-id on disk...
         Starting Initial cloud-init job (pre-networking)...
         Starting Tell Plymouth To Write Out Runtime Data...
         Starting LSB: AppArmor initialization...
[[0;32m  OK  [0m] Started Commit a transient machine-id on disk.
[[0;32m  OK  [0m] Started Create Volatile Files and Directories.
         Starting Update UTMP about System Boot/Shutdown...
[[0;32m  OK  [0m] Found device /dev/ttyS0.
[[0;32m  OK  [0m] Started Update UTMP about System Boot/Shutdown.
[[0;32m  OK  [0m] Listening on Load/Save RF Kill Switch Status /dev/rfkill Watch.
[[0;32m  OK  [0m] Started Tell Plymouth To Write Out Runtime Data.
[[0;32m  OK  [0m] Started Set console font and keymap.
[[0;32m  OK  [0m] Created slice system-getty.slice.
[[0;32m  OK  [0m] Started LSB: AppArmor initialization.
         Starting Load AppArmor profiles managed internally by snapd...
[[0;32m  OK  [0m] Started Load AppArmor profiles managed internally by snapd.
[   27.029669] cloud-init[500]: Cloud-init v. 21.1-19-gbad84ad4-0ubuntu1~16.04.2 running 'init-local' at Wed, 01 Dec 2021 12:19:11 +0000. Up 25.70 seconds.
[[0;32m  OK  [0m] Started Initial cloud-init job (pre-networking).
[[0;32m  OK  [0m] Reached target Network (Pre).
         Starting Raise network interfaces...
[[0;32m  OK  [0m] Started Raise network interfaces.
[[0;32m  OK  [0m] Reached target Network.
         Starting Initial cloud-init job (metadata service crawler)...
[   33.177382] cloud-init[974]: Cloud-init v. 21.1-19-gbad84ad4-0ubuntu1~16.04.2 running 'init' at Wed, 01 Dec 2021 12:19:14 +0000. Up 28.76 seconds.
[   33.187795] cloud-init[974]: ci-info: ++++++++++++++++++++++++++++++++++++++Net device info+++++++++++++++++++++++++++++++++++++++
[   33.191330] cloud-init[974]: ci-info: +--------+-------+----------------------------+---------------+--------+-------------------+
[   33.197950] cloud-init[974]: ci-info: | Device |   Up  |          Address           |      Mask     | Scope  |     Hw-Address    |
[   33.202019] cloud-init[974]: ci-info: +--------+-------+----------------------------+---------------+--------+-------------------+
[   33.206417] cloud-init[974]: ci-info: | enp0s3 |  True |         10.0.2.15          | 255.255.255.0 | global | 02:be:82:6b:cc:1d |
[   33.217684] cloud-init[974]: ci-info: | enp0s3 |  True | fe80::be:82ff:fe6b:cc1d/64 |       .       |  link  | 02:be:82:6b:cc:1d |
[   33.222177] cloud-init[974]: ci-info: | enp0s8 | False |             .              |       .       |   .    | 08:00:27:72:ad:17 |
[   33.232854] cloud-init[974]: ci-info: |   lo   |  True |         127.0.0.1          |   255.0.0.0   |  host  |         .         |
[   33.237253] cloud-init[974]: ci-info: |   lo   |  True |          ::1/128           |       .       |  host  |         .         |
[   33.241078] cloud-init[974]: ci-info: +--------+-------+----------------------------+---------------+--------+-------------------+
[   33.248793] cloud-init[974]: ci-info: +++++++++++++++++++++++++++Route IPv4 info++++++++++++++++++++++++++++
[   33.252707] cloud-init[974]: ci-info: +-------+-------------+----------+---------------+-----------+-------+
[   33.256950] cloud-init[974]: ci-info: | Route | Destination | Gateway  |    Genmask    | Interface | Flags |
[   33.260654] cloud-init[974]: ci-info: +-------+-------------+----------+---------------+-----------+-------+
[   33.273040] cloud-init[974]: ci-info: |   0   |   0.0.0.0   | 10.0.2.2 |    0.0.0.0    |   enp0s3  |   UG  |
[   33.277667] cloud-init[974]: ci-info: |   1   |   10.0.2.0  | 0.0.0.0  | 255.255.255.0 |   enp0s3  |   U   |
[   33.281624] cloud-init[974]: ci-info: +-------+-------------+----------+---------------+-----------+-------+
[   33.285022] cloud-init[974]: ci-info: +++++++++++++++++++Route IPv6 info+++++++++++++++++++
[   33.288905] cloud-init[974]: ci-info: +-------+-------------+---------+-----------+-------+
[   33.294142] cloud-init[974]: ci-info: | Route | Destination | Gateway | Interface | Flags |
[   33.301179] cloud-init[974]: ci-info: +-------+-------------+---------+-----------+-------+
[   33.304014] cloud-init[974]: ci-info: |   0   |  fe80::/64  |    ::   |   enp0s3  |   U   |
[   33.307077] cloud-init[974]: ci-info: |   4   |   ff00::/8  |    ::   |   enp0s3  |   U   |
[   33.310281] cloud-init[974]: ci-info: +-------+-------------+---------+-----------+-------+
[   33.315200] cloud-init[974]: Generating public/private rsa key pair.
[   33.317925] cloud-init[974]: Your identification has been saved in /etc/ssh/ssh_host_rsa_key.
[   33.320674] cloud-init[974]: Your public key has been saved in /etc/ssh/ssh_host_rsa_key.pub.
[   33.323415] cloud-init[974]: The key fingerprint is:
[   33.326323] cloud-init[974]: SHA256:HzmpoOdeSpuZqSmN95UXE/V1YQ5CH+hD+Hdje2I62Ak root@ubuntu-xenial
[   33.331629] cloud-init[974]: The key's randomart image is:
[   33.333883] cloud-init[974]: +---[RSA 2048]----+
[   33.337553] cloud-init[974]: |          oooo o+|
[   33.339553] cloud-init[974]: |         . +o.=..|
[   33.341777] cloud-init[974]: |          =  ... |
[   33.345212] cloud-init[974]: |           B . + |
[   33.347772] cloud-init[974]: |      . S B o o o|
[   33.349737] cloud-init[974]: |     . . +E=  o..|
[   33.351991] cloud-init[974]: |   o. o = o+ + ..|
[   33.354049] cloud-init[974]: |  o o= X .. =    |
[   33.356949] cloud-init[974]: |   oo+@      .   |
[   33.373790] cloud-init[974]: +----[SHA256]-----+
[   33.387775] cloud-init[974]: Generating public/private dsa key pair.
[   33.390575] cloud-init[974]: Your identification has been saved in /etc/ssh/ssh_host_dsa_key.
[   33.395970] cloud-init[974]: Your public key has been saved in /etc/ssh/ssh_host_dsa_key.pub.
[   33.398964] cloud-init[974]: The key fingerprint is:
[   33.403160] cloud-init[974]: SHA256:yZgpNu1b+tQdXwTp+UDGHcKIlYCp94Ye0TLgjM47KdM root@ubuntu-xenial
[   33.410084] cloud-init[974]: The key's randomart image is:
[   33.426639] cloud-init[974]: +---[DSA 1024]----+
[   33.445527] cloud-init[974]: |        o.+.+o.+.|
[   33.448309] cloud-init[974]: |     . o . o .*..|
[   33.450786] cloud-init[974]: |    + o .    + ..|
[   33.464914] cloud-init[974]: |   . = X o    +. |
[   33.480642] cloud-init[974]: |  o + * S   .  o.|
[   33.489657] cloud-init[974]: |   + + o + . o ..|
[   33.500702] cloud-init[974]: |  . o o = . . .  |
[   33.502778] cloud-init[974]: | o E   *         |
[   33.506359] cloud-init[974]: |  o . o..        |
[   33.509245] cloud-init[974]: +----[SHA256]-----+
[   33.518853] cloud-init[974]: Generating public/private ecdsa key pair.
[   33.522198] cloud-init[974]: Your identification has been saved in /etc/ssh/ssh_host_ecdsa_key.
[   33.525872] cloud-init[974]: Your public key has been saved in /etc/ssh/ssh_host_ecdsa_key.pub.
[[0;32m  OK  [0m] Started Initial cloud-init job (metadata service crawler).
[[0;32m  OK  [0m] Reached target Cloud-config availability.
[   33.529740] cloud-init[974]: The key fingerprint is:
[   33.541535] cloud-init[974]: SHA256:+8T0SKAFiABKVGNqg5nXTP5/+3j5uRQIA7aSOKimY6Q root@ubuntu-xenial
[   33.550523] cloud-init[974]: The key's randomart image is:
[   33.556600] cloud-init[974]: +---[ECDSA 256]---+
[   33.556723] cloud-init[974]: |=+.=... o        |
[   33.556800] cloud-init[974]: |+o+*o. + o       |
[   33.556875] cloud-init[974]: |=+o * o + o      |
[   33.556958] cloud-init[974]: |.o.  o + . o .   |
[   33.558025] cloud-init[974]: |.o    o S o . .  |
[   33.558867] cloud-init[974]: |=      . = o   . |
[[0;32m  OK  [0m] Reached target System Initialization.
[   33.565608] cloud-init[974]: |E.      o = ...  |
[   33.574834] cloud-init[974]: |..       + oo. . |
[   33.578776] cloud-init[974]: |          +o..+. |
[   33.584763] cloud-init[974]: +----[SHA256]-----+
[   33.592795] [[0;32m  OK  [0m] Started Message of the Day.
[[0;32m  OK  [0m] Started Daily Cleanup of Temporary Directories.
cloud-init[974]: Generating public/private ed25519 key pair.
[   33.601829] cloud-init[974]: Your identification has been saved in /etc/ssh/ssh_host_ed25519_key.
[   33.605459] cloud-init[974]: Your public key has been saved in /etc/ssh/ssh_host_ed25519_key.pub.
[   33.608808]          Starting LXD - unix socket.
cloud-init[974]: The key fingerprint is:
[   33.616371] cloud-init[974]: SHA256:DgLZyPvjzlwOX1aTaX3bNiNO6SvaRwCUWb3pAnTwt8M root@ubuntu-xenial
[   33.619955] [[0;32m  OK  [0m] Started ACPI Events Check.
[[0;32m  OK  [0m] Reached target Paths.
[[0;32m  OK  [0m] Started Daily apt download activities.
[[0;32m  OK  [0m] Started Daily apt upgrade and clean activities.
[[0;32m  OK  [0m] Listening on UUID daemon activation socket.
[[0;32m  OK  [0m] Listening on D-Bus System Message Bus Socket.
[[0;32m  OK  [0m] Started Ubuntu Advantage update messaging.
cloud-init[974]: The key's randomart image is:
[   33.649896] cloud-init[974]: +--[ED25519 256]--+
[   33.656791] cloud-init[974]: |        .o=..    |
[   33.660892] cloud-init[974]: | . +     =.. .   |
[[0;32m  OK  [0m] Reached target Timers.
         Starting Socket activation for snappy daemon.
[   33.667882] [[0;32m  OK  [0m] Listening on ACPID Listen Socket.
[[0;32m  OK  [0m] Reached target Network is Online.
cloud-init[974]: |  = .   . o. .o  |
[   33.675954] cloud-init[974]: |   o     . =oo.  |
[   33.683090] cloud-init[974]: |  . . . S B +E.  |
[   33.685823] cloud-init[974]: |   . . o o o +oo |
         Starting iSCSI initiator daemon (iscsid)...
[   33.689155] cloud-init[974]: |    + . +   o+.oo|
[   33.696013] cloud-init[974]: |   + * o  ..+...o|
[   33.697902] cloud-init[974]: |   .= o  ...o+.  |
[[0;32m  OK  [0m] Listening on LXD - unix socket.
[[0;32m  OK  [0m] Listening on Socket activation for snappy daemon.
[[0;32m  OK  [0m] Reached target Sockets.
[   33.706883] cloud-init[974]: +----[SHA256]-----+
[[0;32m  OK  [0m] Reached target Basic System.
[[0;32m  OK  [0m] Started Regular background program processing daemon.
         Starting /etc/rc.local Compatibility...
         Starting Pollinate to seed the pseudo random number generator...
[[0;32m  OK  [0m] Started ACPI event daemon.
         Starting LSB: Record successful boot for GRUB...
         Starting Virtualbox guest utils...
[[0;32m  OK  [0m] Started D-Bus System Message Bus.
         Starting LXD - container startup/shutdown...
         Starting Login Service...
[[0;32m  OK  [0m] Started Deferred execution scheduler.
[[0;32m  OK  [0m] Started FUSE filesystem for LXC.
         Starting Snap Daemon...
         Starting Accounts Service...
         Starting System Logging Service...
         Starting LSB: MD monitoring daemon...
[[0;32m  OK  [0m] Started /etc/rc.local Compatibility.
[[0;32m  OK  [0m] Started iSCSI initiator daemon (iscsid).
         Starting Login to default iSCSI targets...
[[0;32m  OK  [0m] Started LSB: Record successful boot for GRUB.
[[0;32m  OK  [0m] Started Login Service.
[[0;32m  OK  [0m] Started Unattended Upgrades Shutdown.
[[0;32m  OK  [0m] Started LSB: MD monitoring daemon.
[[0;32m  OK  [0m] Started Login to default iSCSI targets.
[[0;32m  OK  [0m] Reached target Remote File Systems (Pre).
[[0;32m  OK  [0m] Reached target Remote File Systems.
         Starting LSB: automatic crash report generation...
         Starting LSB: daemon to balance interrupts for SMP systems...
         Starting Permit User Sessions...
         Starting LSB: Set the CPU Frequency Scaling governor to "ondemand"...
[[0;32m  OK  [0m] Started LSB: Set the CPU Frequency Scaling governor to "ondemand".
[[0;32m  OK  [0m] Started Permit User Sessions.
         Starting Terminate Plymouth Boot Screen...
         Starting Hold until boot process finishes up...
[[0;32m  OK  [0m] Started Terminate Plymouth Boot Screen.
[[0;32m  OK  [0m] Started Hold until boot process finishes up.
[[0;32m  OK  [0m] Started Serial Getty on ttyS0.
[[0;32m  OK  [0m] Started Getty on tty1.
[[0;32m  OK  [0m] Reached target Login Prompts.
         Starting Set console scheme...
[[0;32m  OK  [0m] Started LSB: automatic crash report generation.
[[0;32m  OK  [0m] Started Set console scheme.
[[0;32m  OK  [0m] Started LSB: daemon to balance interrupts for SMP systems.
[[0;32m  OK  [0m] Started Virtualbox guest utils.
[[0;32m  OK  [0m] Started System Logging Service.
         Starting Authenticate and Authorize Users to Run Privileged Tasks...
[[0;32m  OK  [0m] Started Authenticate and Authorize Users to Run Privileged Tasks.
[[0;32m  OK  [0m] Started Accounts Service.
[[0;32m  OK  [0m] Started Pollinate to seed the pseudo random number generator.
         Starting OpenBSD Secure Shell server...
[[0;32m  OK  [0m] Started OpenBSD Secure Shell server.

Ubuntu 16.04.7 LTS ubuntu-xenial ttyS0

ubuntu-xenial login: [   49.246531] cloud-init[1422]: Generating locales (this might take a while)...
[   52.787183] cloud-init[1422]:   en_US.UTF-8... done
[   52.788489] cloud-init[1422]: Generation complete.
[   55.326319] cloud-init[1422]: Cloud-init v. 21.1-19-gbad84ad4-0ubuntu1~16.04.2 running 'modules:config' at Wed, 01 Dec 2021 12:19:34 +0000. Up 48.59 seconds.
ci-info: no authorized SSH keys fingerprints found for user ubuntu.
<14>Dec  1 12:19:42 ec2: 
<14>Dec  1 12:19:42 ec2: #############################################################
<14>Dec  1 12:19:42 ec2: -----BEGIN SSH HOST KEY FINGERPRINTS-----
<14>Dec  1 12:19:42 ec2: 1024 SHA256:yZgpNu1b+tQdXwTp+UDGHcKIlYCp94Ye0TLgjM47KdM root@ubuntu-xenial (DSA)
<14>Dec  1 12:19:42 ec2: 256 SHA256:+8T0SKAFiABKVGNqg5nXTP5/+3j5uRQIA7aSOKimY6Q root@ubuntu-xenial (ECDSA)
<14>Dec  1 12:19:42 ec2: 256 SHA256:DgLZyPvjzlwOX1aTaX3bNiNO6SvaRwCUWb3pAnTwt8M root@ubuntu-xenial (ED25519)
<14>Dec  1 12:19:42 ec2: 2048 SHA256:HzmpoOdeSpuZqSmN95UXE/V1YQ5CH+hD+Hdje2I62Ak root@ubuntu-xenial (RSA)
<14>Dec  1 12:19:42 ec2: -----END SSH HOST KEY FINGERPRINTS-----
<14>Dec  1 12:19:42 ec2: #############################################################
-----BEGIN SSH HOST KEY KEYS-----
ecdsa-sha2-nistp256 AAAAE2VjZHNhLXNoYTItbmlzdHAyNTYAAAAIbmlzdHAyNTYAAABBBLGx2uIL1Ua0CSii5xkiPFyPZqd2aiXGAWP5SukAcrGYdBGW1yifVRvlWFMpjIldCb1/kguAvNNLzrhPMNaYobo= root@ubuntu-xenial
ssh-ed25519 AAAAC3NzaC1lZDI1NTE5AAAAIAG8rNZzTBu0GWOKTNBWbAMVySnfcr3Y1y9HQDsU0Ktb root@ubuntu-xenial
ssh-rsa AAAAB3NzaC1yc2EAAAADAQABAAABAQDV1pWkUOFBWNkaof0vJEYiYgrHGfa9qxMB9tUc47/KgjIpq/vduvGbK8m6hs/6F+/IN8OLfySLteJUAaDfhUHJBR9yJgb/acUAhUM4/G4j0IXS/gYV/OLBaZX7gx60cP38kGZj77EtdaevXkhy9AXMhYWBWb3rzTiSc8KM3AXw8nvqMLIyKoseFZJsVE2Gc0oib4LKyIGmPlLZQibDSlOrGtGnZVe5X9ltWE/tauoOdMBXQMBphleLXqnjim8ccdfwFerzGNEEO+Dc+673EhAvu6rR4MxiD8jjPxCV42T0wHG5TqFPieIB48kqC/qLOI7HSmsk0nHDFlwI4s2qqEPh root@ubuntu-xenial
-----END SSH HOST KEY KEYS-----
[   57.343174] cloud-init[1660]: Cloud-init v. 21.1-19-gbad84ad4-0ubuntu1~16.04.2 running 'modules:final' at Wed, 01 Dec 2021 12:19:42 +0000. Up 56.66 seconds.
[   57.343571] cloud-init[1660]: ci-info: no authorized SSH keys fingerprints found for user ubuntu.
[   57.343936] cloud-init[1660]: Cloud-init v. 21.1-19-gbad84ad4-0ubuntu1~16.04.2 finished at Wed, 01 Dec 2021 12:19:42 +0000. Datasource DataSourceNoCloud [seed=/dev/sdb][dsmode=net].  Up 57.32 seconds
